<?xml version="1.0" encoding="UTF-8"?>
<!-- Generated by org.testng.reporters.JUnitXMLReporter -->
<testsuite ignored="0" hostname="LTIN518286" failures="0" tests="4" name="chrome-Test" time="208.546" errors="0" timestamp="2024-04-02T12:40:22 IST">
  <testcase classname="testCase.TC_001_AroundCognizant" name="verifyAcc" time="20.274"/>
  <testcase classname="testCase.TC_001_AroundCognizant" name="verifyAroundCognizant" time="5.593"/>
  <testcase classname="testCase.TC_001_AroundCognizant" name="seeAll" time="20.089"/>
  <testcase classname="testCase.TC_001_AroundCognizant" name="newsDetails" time="139.005"/>
</testsuite> <!-- chrome-Test -->
