<?xml version="1.0" encoding="UTF-8"?>
<!-- Generated by org.testng.reporters.JUnitXMLReporter -->
<testsuite ignored="0" hostname="LTIN518286" failures="0" tests="4" name="edge-Test" time="199.701" errors="0" timestamp="2024-04-02T12:36:54 IST">
  <testcase classname="testCase.TC_001_AroundCognizant" name="verifyAcc" time="20.313"/>
  <testcase classname="testCase.TC_001_AroundCognizant" name="verifyAroundCognizant" time="5.708"/>
  <testcase classname="testCase.TC_001_AroundCognizant" name="seeAll" time="12.792"/>
  <testcase classname="testCase.TC_001_AroundCognizant" name="newsDetails" time="135.111"/>
</testsuite> <!-- edge-Test -->
