<?xml version="1.0" encoding="UTF-8"?>
<!-- Generated by org.testng.reporters.JUnitXMLReporter -->
<testsuite ignored="0" hostname="LTIN518286" failures="0" tests="4" name="Test" time="497.185" errors="0" timestamp="2024-03-30T09:30:29 IST">
  <testcase classname="testCase.TC_001_AroundCognizant" name="verifyAcc" time="20.574"/>
  <testcase classname="testCase.TC_001_AroundCognizant" name="verifyAroundCognizant" time="5.942"/>
  <testcase classname="testCase.TC_001_AroundCognizant" name="seeAll" time="16.188"/>
  <testcase classname="testCase.TC_001_AroundCognizant" name="newsDetails" time="121.802"/>
</testsuite> <!-- Test -->
