<?xml version="1.0" encoding="UTF-8"?>
<!-- Generated by org.testng.reporters.JUnitXMLReporter -->
<testsuite ignored="0" hostname="LTIN518286" failures="1" tests="1" name="Test(failed)" time="0.174" errors="0" timestamp="2024-03-29T16:18:52 IST">
  <testcase classname="testCase.TC_001_UserInfo" name="verifyAcc" time="0.013">
    <failure type="java.lang.NullPointerException" message="Cannot invoke &amp;quot;org.apache.logging.log4j.Logger.error(String)&amp;quot; because &amp;quot;this.logger&amp;quot; is null">
      <![CDATA[java.lang.NullPointerException: Cannot invoke "org.apache.logging.log4j.Logger.error(String)" because "this.logger" is null
at testCase.TC_001_UserInfo.verifyAcc(TC_001_UserInfo.java:30)
at java.base/java.util.ArrayList.forEach(ArrayList.java:1511)
... Removed 27 stack frames]]>
    </failure>
  </testcase> <!-- verifyAcc -->
</testsuite> <!-- Test(failed) -->
