<?xml version="1.0" encoding="UTF-8"?>
<testng-results ignored="0" total="8" passed="8" failed="0" skipped="0">
  <reporter-output>
  </reporter-output>
  <suite started-at="2024-04-02T12:33:33 IST" name="Suite" finished-at="2024-04-02T12:40:22 IST" duration-ms="408813">
    <groups>
    </groups>
    <test started-at="2024-04-02T12:33:33 IST" name="edge-Test" finished-at="2024-04-02T12:36:53 IST" duration-ms="199701">
      <class name="testCase.TC_001_AroundCognizant">
        <test-method is-config="true" signature="setup(java.lang.String)[pri:0, instance:testCase.TC_001_AroundCognizant@7c7b252e]" started-at="2024-04-02T12:33:34 IST" name="setup" finished-at="2024-04-02T12:33:46 IST" duration-ms="12399" status="PASS">
          <params>
            <param index="0">
              <value>
                <![CDATA[edge]]>
              </value>
            </param>
          </params>
          <reporter-output>
          </reporter-output>
        </test-method> <!-- setup -->
        <test-method signature="verifyAcc()[pri:1, instance:testCase.TC_001_AroundCognizant@7c7b252e]" started-at="2024-04-02T12:33:46 IST" name="verifyAcc" finished-at="2024-04-02T12:34:06 IST" duration-ms="20313" status="PASS">
          <reporter-output>
          </reporter-output>
        </test-method> <!-- verifyAcc -->
        <test-method signature="verifyAroundCognizant()[pri:2, instance:testCase.TC_001_AroundCognizant@7c7b252e]" started-at="2024-04-02T12:34:07 IST" name="verifyAroundCognizant" finished-at="2024-04-02T12:34:13 IST" duration-ms="5708" status="PASS">
          <reporter-output>
          </reporter-output>
        </test-method> <!-- verifyAroundCognizant -->
        <test-method signature="seeAll()[pri:3, instance:testCase.TC_001_AroundCognizant@7c7b252e]" started-at="2024-04-02T12:34:13 IST" name="seeAll" finished-at="2024-04-02T12:34:26 IST" duration-ms="12792" status="PASS">
          <reporter-output>
          </reporter-output>
        </test-method> <!-- seeAll -->
        <test-method signature="newsDetails()[pri:4, instance:testCase.TC_001_AroundCognizant@7c7b252e]" started-at="2024-04-02T12:34:26 IST" name="newsDetails" finished-at="2024-04-02T12:36:41 IST" duration-ms="135111" status="PASS">
          <reporter-output>
          </reporter-output>
        </test-method> <!-- newsDetails -->
        <test-method is-config="true" signature="teardown()[pri:0, instance:testCase.TC_001_AroundCognizant@7c7b252e]" started-at="2024-04-02T12:36:42 IST" name="teardown" finished-at="2024-04-02T12:36:53 IST" duration-ms="11357" status="PASS">
          <reporter-output>
          </reporter-output>
        </test-method> <!-- teardown -->
      </class> <!-- testCase.TC_001_AroundCognizant -->
    </test> <!-- edge-Test -->
    <test started-at="2024-04-02T12:36:54 IST" name="chrome-Test" finished-at="2024-04-02T12:40:22 IST" duration-ms="208546">
      <class name="testCase.TC_001_AroundCognizant">
        <test-method is-config="true" signature="setup(java.lang.String)[pri:0, instance:testCase.TC_001_AroundCognizant@40a4337a]" started-at="2024-04-02T12:36:54 IST" name="setup" finished-at="2024-04-02T12:37:05 IST" duration-ms="10938" status="PASS">
          <params>
            <param index="0">
              <value>
                <![CDATA[chrome]]>
              </value>
            </param>
          </params>
          <reporter-output>
          </reporter-output>
        </test-method> <!-- setup -->
        <test-method signature="verifyAcc()[pri:1, instance:testCase.TC_001_AroundCognizant@40a4337a]" started-at="2024-04-02T12:37:05 IST" name="verifyAcc" finished-at="2024-04-02T12:37:25 IST" duration-ms="20274" status="PASS">
          <reporter-output>
          </reporter-output>
        </test-method> <!-- verifyAcc -->
        <test-method signature="verifyAroundCognizant()[pri:2, instance:testCase.TC_001_AroundCognizant@40a4337a]" started-at="2024-04-02T12:37:25 IST" name="verifyAroundCognizant" finished-at="2024-04-02T12:37:31 IST" duration-ms="5593" status="PASS">
          <reporter-output>
          </reporter-output>
        </test-method> <!-- verifyAroundCognizant -->
        <test-method signature="seeAll()[pri:3, instance:testCase.TC_001_AroundCognizant@40a4337a]" started-at="2024-04-02T12:37:31 IST" name="seeAll" finished-at="2024-04-02T12:37:51 IST" duration-ms="20089" status="PASS">
          <reporter-output>
          </reporter-output>
        </test-method> <!-- seeAll -->
        <test-method signature="newsDetails()[pri:4, instance:testCase.TC_001_AroundCognizant@40a4337a]" started-at="2024-04-02T12:37:52 IST" name="newsDetails" finished-at="2024-04-02T12:40:11 IST" duration-ms="139005" status="PASS">
          <reporter-output>
          </reporter-output>
        </test-method> <!-- newsDetails -->
        <test-method is-config="true" signature="teardown()[pri:0, instance:testCase.TC_001_AroundCognizant@40a4337a]" started-at="2024-04-02T12:40:11 IST" name="teardown" finished-at="2024-04-02T12:40:22 IST" duration-ms="11177" status="PASS">
          <reporter-output>
          </reporter-output>
        </test-method> <!-- teardown -->
      </class> <!-- testCase.TC_001_AroundCognizant -->
    </test> <!-- chrome-Test -->
  </suite> <!-- Suite -->
</testng-results>
